<?xml version='1.0'?>
<ns2:test-suite xmlns:ns2='urn:model.allure.qatools.yandex.ru' start='1638163403297' stop='1638163438151'>
    <name>Login validations &amp; Forgot password</name>
    <title>Login validations &amp; Forgot password</title>
    <test-cases>
        <test-case start='1638163403310' status='broken' stop='1638163420801'>
            <name>Displays Inline error message when clicking on Continue button without entering credentials</name>
            <title>Displays Inline error message when clicking on Continue button without entering credentials</title>
            <labels>
                <label name='language' value='javascript'/>
                <label name='framework' value='wdio'/>
                <label name='thread' value='0-0'/>
            </labels>
            <parameters>
                <parameter kind='argument' name='device' value='emulator-5554-11'/>
            </parameters>
            <steps>
                <step start='1638163403313' status='broken' stop='1638163420801'>
                    <name>Given I am on the username screen</name>
                    <title>Given I am on the username screen</title>
                    <attachments>
                        <attachment title='Screenshot' source='244c54f5-6902-4351-9cee-d811817b4943-attachment.png' type='image/png' size='167767'/>
                    </attachments>
                    <steps/>
                </step>
                <step start='1638163420802' status='canceled' stop='1638163420802'>
                    <name>When I click on 'Continue' button</name>
                    <title>When I click on 'Continue' button</title>
                    <attachments/>
                    <steps/>
                </step>
                <step start='1638163420802' status='canceled' stop='1638163420803'>
                    <name>Then app should displays 'This field is required' inline error message</name>
                    <title>Then app should displays 'This field is required' inline error message</title>
                    <attachments/>
                    <steps/>
                </step>
            </steps>
            <attachments/>
            <failure>
                <message>element ("~welcome-label") still not displayed after 11000ms</message>
                <stack-trace>Error: element ("~welcome-label") still not displayed after 11000ms
                    at processTicksAndRejections (internal/process/task_queues.js:93:5)
                    at SnapLoginScreen.waitForIsShown (/Users/htikkas/Desktop/SF/mobile-cucumber-appium-webdriverio/tests/screenobjects/app.screen.js:15:33)
                    at World.&lt;anonymous> (/Users/htikkas/Desktop/SF/mobile-cucumber-appium-webdriverio/tests/steps/app.snaplogin.steps.js:7:21)</stack-trace>
            </failure>
        </test-case>
        <test-case start='1638163420804' status='broken' stop='1638163438147'>
            <name>if enter valid credentials it should displays app dashboard,</name>
            <title>if enter valid credentials it should displays app dashboard,</title>
            <labels>
                <label name='language' value='javascript'/>
                <label name='framework' value='wdio'/>
                <label name='thread' value='0-0'/>
            </labels>
            <parameters>
                <parameter kind='argument' name='device' value='emulator-5554-11'/>
            </parameters>
            <steps>
                <step start='1638163420805' status='broken' stop='1638163438147'>
                    <name>Given I am on the username screen</name>
                    <title>Given I am on the username screen</title>
                    <attachments>
                        <attachment title='Screenshot' source='5bdbeb4f-13ff-48e2-aded-b97954a2e17f-attachment.png' type='image/png' size='167767'/>
                    </attachments>
                    <steps/>
                </step>
                <step start='1638163438147' status='canceled' stop='1638163438148'>
                    <name>When I enter 'htikkas' in username field</name>
                    <title>When I enter 'htikkas' in username field</title>
                    <attachments/>
                    <steps/>
                </step>
                <step start='1638163438148' status='canceled' stop='1638163438148'>
                    <name>And I click on 'Continue' button</name>
                    <title>And I click on 'Continue' button</title>
                    <attachments/>
                    <steps/>
                </step>
                <step start='1638163438149' status='canceled' stop='1638163438149'>
                    <name>And I enter 'Snap@123' in password field</name>
                    <title>And I enter 'Snap@123' in password field</title>
                    <attachments/>
                    <steps/>
                </step>
                <step start='1638163438149' status='canceled' stop='1638163438149'>
                    <name>And I click on 'Sign in' button</name>
                    <title>And I click on 'Sign in' button</title>
                    <attachments/>
                    <steps/>
                </step>
                <step start='1638163438149' status='canceled' stop='1638163438149'>
                    <name>Then app should displays 'Hello htikkas' on dashboard</name>
                    <title>Then app should displays 'Hello htikkas' on dashboard</title>
                    <attachments/>
                    <steps/>
                </step>
            </steps>
            <attachments/>
            <failure>
                <message>element ("~welcome-label") still not displayed after 11000ms</message>
                <stack-trace>Error: element ("~welcome-label") still not displayed after 11000ms
                    at processTicksAndRejections (internal/process/task_queues.js:93:5)
                    at SnapLoginScreen.waitForIsShown (/Users/htikkas/Desktop/SF/mobile-cucumber-appium-webdriverio/tests/screenobjects/app.screen.js:15:33)
                    at World.&lt;anonymous> (/Users/htikkas/Desktop/SF/mobile-cucumber-appium-webdriverio/tests/steps/app.snaplogin.steps.js:7:21)</stack-trace>
            </failure>
        </test-case>
    </test-cases>
</ns2:test-suite>