<?xml version='1.0'?>
<ns2:test-suite xmlns:ns2='urn:model.allure.qatools.yandex.ru' start='1634211562688' stop='1634211706354'>
    <name>Form validations</name>
    <title>Form validations</title>
    <test-cases>
        <test-case start='1634211562698' status='broken' stop='1634211583250'>
            <name>Type in the text field</name>
            <title>Type in the text field</title>
            <labels>
                <label name='language' value='javascript'/>
                <label name='framework' value='wdio'/>
                <label name='thread' value='0-0'/>
            </labels>
            <parameters>
                <parameter kind='argument' name='device' value='emulator-5554-11'/>
            </parameters>
            <steps>
                <step start='1634211562700' status='broken' stop='1634211583250'>
                    <name>Given I'm on the forms screen</name>
                    <title>Given I'm on the forms screen</title>
                    <attachments>
                        <attachment title='Screenshot' source='aefb57d4-2747-45b9-b975-c751c00574b9-attachment.png' type='image/png' size='133633'/>
                    </attachments>
                    <steps/>
                </step>
                <step start='1634211583251' status='canceled' stop='1634211583251'>
                    <name>When I type 'Text for the type test' in the text box</name>
                    <title>When I type 'Text for the type test' in the text box</title>
                    <attachments/>
                    <steps/>
                </step>
                <step start='1634211583251' status='canceled' stop='1634211583251'>
                    <name>Then the text that was typed is displayed</name>
                    <title>Then the text that was typed is displayed</title>
                    <attachments/>
                    <steps/>
                </step>
            </steps>
            <attachments/>
            <failure>
                <message>element ("~Home") still not displayed after 20000ms</message>
                <stack-trace>Error: element ("~Home") still not displayed after 20000ms
                    at processTicksAndRejections (internal/process/task_queues.js:93:5)
                    at TabBar.waitForTabBarShown (/Users/htikkas/Desktop/SF/mobile-cucumber-appium-webdriverio/tests/screenobjects/components/tabBar.js:23:20)
                    at World.&lt;anonymous> (/Users/htikkas/Desktop/SF/mobile-cucumber-appium-webdriverio/tests/steps/app.forms.steps.js:11:12)</stack-trace>
            </failure>
        </test-case>
        <test-case start='1634211583254' status='broken' stop='1634211603750'>
            <name>Enable and disable the switch button</name>
            <title>Enable and disable the switch button</title>
            <labels>
                <label name='language' value='javascript'/>
                <label name='framework' value='wdio'/>
                <label name='thread' value='0-0'/>
            </labels>
            <parameters>
                <parameter kind='argument' name='device' value='emulator-5554-11'/>
            </parameters>
            <steps>
                <step start='1634211583254' status='broken' stop='1634211603750'>
                    <name>Given I'm on the forms screen</name>
                    <title>Given I'm on the forms screen</title>
                    <attachments>
                        <attachment title='Screenshot' source='538e1920-5a44-4e9f-953a-249b48de7b15-attachment.png' type='image/png' size='133633'/>
                    </attachments>
                    <steps/>
                </step>
                <step start='1634211603750' status='canceled' stop='1634211603751'>
                    <name>When the switch button is in the disabled state</name>
                    <title>When the switch button is in the disabled state</title>
                    <attachments/>
                    <steps/>
                </step>
                <step start='1634211603751' status='canceled' stop='1634211603751'>
                    <name>And I click on the switch button</name>
                    <title>And I click on the switch button</title>
                    <attachments/>
                    <steps/>
                </step>
                <step start='1634211603751' status='canceled' stop='1634211603751'>
                    <name>Then the switch button is in the activated state</name>
                    <title>Then the switch button is in the activated state</title>
                    <attachments/>
                    <steps/>
                </step>
            </steps>
            <attachments/>
            <failure>
                <message>element ("~Home") still not displayed after 20000ms</message>
                <stack-trace>Error: element ("~Home") still not displayed after 20000ms
                    at processTicksAndRejections (internal/process/task_queues.js:93:5)
                    at TabBar.waitForTabBarShown (/Users/htikkas/Desktop/SF/mobile-cucumber-appium-webdriverio/tests/screenobjects/components/tabBar.js:23:20)
                    at World.&lt;anonymous> (/Users/htikkas/Desktop/SF/mobile-cucumber-appium-webdriverio/tests/steps/app.forms.steps.js:11:12)</stack-trace>
            </failure>
        </test-case>
        <test-case start='1634211603753' status='broken' stop='1634211624250'>
            <name>Select options from a Dropdown list</name>
            <title>Select options from a Dropdown list</title>
            <labels>
                <label name='language' value='javascript'/>
                <label name='framework' value='wdio'/>
                <label name='thread' value='0-0'/>
            </labels>
            <parameters>
                <parameter kind='argument' name='device' value='emulator-5554-11'/>
            </parameters>
            <steps>
                <step start='1634211603753' status='broken' stop='1634211624250'>
                    <name>Given I'm on the forms screen</name>
                    <title>Given I'm on the forms screen</title>
                    <attachments>
                        <attachment title='Screenshot' source='66b0652e-26e2-414d-bfc2-8d3fe261a9f1-attachment.png' type='image/png' size='133633'/>
                    </attachments>
                    <steps/>
                </step>
                <step start='1634211624250' status='canceled' stop='1634211624250'>
                    <name>When I select the 'This app is awesome' option from the list</name>
                    <title>When I select the 'This app is awesome' option from the list</title>
                    <attachments/>
                    <steps/>
                </step>
                <step start='1634211624250' status='canceled' stop='1634211624250'>
                    <name>Then the Dropdown text 'This app is awesome' is displayed</name>
                    <title>Then the Dropdown text 'This app is awesome' is displayed</title>
                    <attachments/>
                    <steps/>
                </step>
                <step start='1634211624251' status='canceled' stop='1634211624251'>
                    <name>When I select the 'webdriver.io is awesome' option from the list</name>
                    <title>When I select the 'webdriver.io is awesome' option from the list</title>
                    <attachments/>
                    <steps/>
                </step>
                <step start='1634211624251' status='canceled' stop='1634211624251'>
                    <name>Then the Dropdown text 'webdriver.io is awesome' is displayed</name>
                    <title>Then the Dropdown text 'webdriver.io is awesome' is displayed</title>
                    <attachments/>
                    <steps/>
                </step>
                <step start='1634211624251' status='canceled' stop='1634211624251'>
                    <name>When I select the 'Appium is awesome' option from the list</name>
                    <title>When I select the 'Appium is awesome' option from the list</title>
                    <attachments/>
                    <steps/>
                </step>
                <step start='1634211624251' status='canceled' stop='1634211624251'>
                    <name>Then the Dropdown text 'Appium is awesome' is displayed</name>
                    <title>Then the Dropdown text 'Appium is awesome' is displayed</title>
                    <attachments/>
                    <steps/>
                </step>
            </steps>
            <attachments/>
            <failure>
                <message>element ("~Home") still not displayed after 20000ms</message>
                <stack-trace>Error: element ("~Home") still not displayed after 20000ms
                    at processTicksAndRejections (internal/process/task_queues.js:93:5)
                    at TabBar.waitForTabBarShown (/Users/htikkas/Desktop/SF/mobile-cucumber-appium-webdriverio/tests/screenobjects/components/tabBar.js:23:20)
                    at World.&lt;anonymous> (/Users/htikkas/Desktop/SF/mobile-cucumber-appium-webdriverio/tests/steps/app.forms.steps.js:11:12)</stack-trace>
            </failure>
        </test-case>
        <test-case start='1634211624252' status='broken' stop='1634211644807'>
            <name>Open the activation alert and close it with the Ask me later button</name>
            <title>Open the activation alert and close it with the Ask me later button</title>
            <labels>
                <label name='language' value='javascript'/>
                <label name='framework' value='wdio'/>
                <label name='thread' value='0-0'/>
            </labels>
            <parameters>
                <parameter kind='argument' name='device' value='emulator-5554-11'/>
            </parameters>
            <steps>
                <step start='1634211624253' status='broken' stop='1634211644807'>
                    <name>Given I'm on the forms screen</name>
                    <title>Given I'm on the forms screen</title>
                    <attachments>
                        <attachment title='Screenshot' source='ba76862d-0422-4a37-ad60-aacd55846fec-attachment.png' type='image/png' size='133633'/>
                    </attachments>
                    <steps/>
                </step>
                <step start='1634211644807' status='canceled' stop='1634211644807'>
                    <name>When I click the activate button</name>
                    <title>When I click the activate button</title>
                    <attachments/>
                    <steps/>
                </step>
                <step start='1634211644807' status='canceled' stop='1634211644808'>
                    <name>Then the app displays the activated alert</name>
                    <title>Then the app displays the activated alert</title>
                    <attachments/>
                    <steps/>
                </step>
                <step start='1634211644808' status='canceled' stop='1634211644808'>
                    <name>And I click on the option 'Ask me later'</name>
                    <title>And I click on the option 'Ask me later'</title>
                    <attachments/>
                    <steps/>
                </step>
                <step start='1634211644808' status='canceled' stop='1634211644808'>
                    <name>Then the app hide the activated alert</name>
                    <title>Then the app hide the activated alert</title>
                    <attachments/>
                    <steps/>
                </step>
            </steps>
            <attachments/>
            <failure>
                <message>element ("~Home") still not displayed after 20000ms</message>
                <stack-trace>Error: element ("~Home") still not displayed after 20000ms
                    at processTicksAndRejections (internal/process/task_queues.js:93:5)
                    at TabBar.waitForTabBarShown (/Users/htikkas/Desktop/SF/mobile-cucumber-appium-webdriverio/tests/screenobjects/components/tabBar.js:23:20)
                    at World.&lt;anonymous> (/Users/htikkas/Desktop/SF/mobile-cucumber-appium-webdriverio/tests/steps/app.forms.steps.js:11:12)</stack-trace>
            </failure>
        </test-case>
        <test-case start='1634211644809' status='broken' stop='1634211665401'>
            <name>Open the activation alert and close it with the Cancel button</name>
            <title>Open the activation alert and close it with the Cancel button</title>
            <labels>
                <label name='language' value='javascript'/>
                <label name='framework' value='wdio'/>
                <label name='thread' value='0-0'/>
            </labels>
            <parameters>
                <parameter kind='argument' name='device' value='emulator-5554-11'/>
            </parameters>
            <steps>
                <step start='1634211644810' status='broken' stop='1634211665401'>
                    <name>Given I'm on the forms screen</name>
                    <title>Given I'm on the forms screen</title>
                    <attachments>
                        <attachment title='Screenshot' source='1c9336ae-efec-4443-a12d-01f5aafd5e6a-attachment.png' type='image/png' size='133633'/>
                    </attachments>
                    <steps/>
                </step>
                <step start='1634211665401' status='canceled' stop='1634211665401'>
                    <name>When I click the activate button</name>
                    <title>When I click the activate button</title>
                    <attachments/>
                    <steps/>
                </step>
                <step start='1634211665401' status='canceled' stop='1634211665401'>
                    <name>Then the app displays the activated alert</name>
                    <title>Then the app displays the activated alert</title>
                    <attachments/>
                    <steps/>
                </step>
                <step start='1634211665401' status='canceled' stop='1634211665402'>
                    <name>And I click on the option 'Cancel'</name>
                    <title>And I click on the option 'Cancel'</title>
                    <attachments/>
                    <steps/>
                </step>
                <step start='1634211665402' status='canceled' stop='1634211665402'>
                    <name>Then the app hide the activated alert</name>
                    <title>Then the app hide the activated alert</title>
                    <attachments/>
                    <steps/>
                </step>
            </steps>
            <attachments/>
            <failure>
                <message>element ("~Home") still not displayed after 20000ms</message>
                <stack-trace>Error: element ("~Home") still not displayed after 20000ms
                    at processTicksAndRejections (internal/process/task_queues.js:93:5)
                    at TabBar.waitForTabBarShown (/Users/htikkas/Desktop/SF/mobile-cucumber-appium-webdriverio/tests/screenobjects/components/tabBar.js:23:20)
                    at World.&lt;anonymous> (/Users/htikkas/Desktop/SF/mobile-cucumber-appium-webdriverio/tests/steps/app.forms.steps.js:11:12)</stack-trace>
            </failure>
        </test-case>
        <test-case start='1634211665403' status='broken' stop='1634211685851'>
            <name>Open the activation alert and close it with the OK button</name>
            <title>Open the activation alert and close it with the OK button</title>
            <labels>
                <label name='language' value='javascript'/>
                <label name='framework' value='wdio'/>
                <label name='thread' value='0-0'/>
            </labels>
            <parameters>
                <parameter kind='argument' name='device' value='emulator-5554-11'/>
            </parameters>
            <steps>
                <step start='1634211665403' status='broken' stop='1634211685851'>
                    <name>Given I'm on the forms screen</name>
                    <title>Given I'm on the forms screen</title>
                    <attachments>
                        <attachment title='Screenshot' source='b4827827-5c7a-4959-8d6b-7c9beec916ce-attachment.png' type='image/png' size='133633'/>
                    </attachments>
                    <steps/>
                </step>
                <step start='1634211685851' status='canceled' stop='1634211685851'>
                    <name>When I click the activate button</name>
                    <title>When I click the activate button</title>
                    <attachments/>
                    <steps/>
                </step>
                <step start='1634211685851' status='canceled' stop='1634211685851'>
                    <name>Then the app displays the activated alert</name>
                    <title>Then the app displays the activated alert</title>
                    <attachments/>
                    <steps/>
                </step>
                <step start='1634211685851' status='canceled' stop='1634211685852'>
                    <name>And I click on the option 'OK'</name>
                    <title>And I click on the option 'OK'</title>
                    <attachments/>
                    <steps/>
                </step>
                <step start='1634211685852' status='canceled' stop='1634211685852'>
                    <name>Then the app hide the activated alert</name>
                    <title>Then the app hide the activated alert</title>
                    <attachments/>
                    <steps/>
                </step>
            </steps>
            <attachments/>
            <failure>
                <message>element ("~Home") still not displayed after 20000ms</message>
                <stack-trace>Error: element ("~Home") still not displayed after 20000ms
                    at processTicksAndRejections (internal/process/task_queues.js:93:5)
                    at TabBar.waitForTabBarShown (/Users/htikkas/Desktop/SF/mobile-cucumber-appium-webdriverio/tests/screenobjects/components/tabBar.js:23:20)
                    at World.&lt;anonymous> (/Users/htikkas/Desktop/SF/mobile-cucumber-appium-webdriverio/tests/steps/app.forms.steps.js:11:12)</stack-trace>
            </failure>
        </test-case>
        <test-case start='1634211685853' status='broken' stop='1634211706352'>
            <name>Determine that the inactive button is inactive</name>
            <title>Determine that the inactive button is inactive</title>
            <labels>
                <label name='language' value='javascript'/>
                <label name='framework' value='wdio'/>
                <label name='thread' value='0-0'/>
            </labels>
            <parameters>
                <parameter kind='argument' name='device' value='emulator-5554-11'/>
            </parameters>
            <steps>
                <step start='1634211685854' status='broken' stop='1634211706352'>
                    <name>Given I'm on the forms screen</name>
                    <title>Given I'm on the forms screen</title>
                    <attachments>
                        <attachment title='Screenshot' source='c22c520f-511c-4d2d-bb0d-33c4ad09f998-attachment.png' type='image/png' size='133633'/>
                    </attachments>
                    <steps/>
                </step>
                <step start='1634211706352' status='canceled' stop='1634211706353'>
                    <name>When I click the Inactive button</name>
                    <title>When I click the Inactive button</title>
                    <attachments/>
                    <steps/>
                </step>
                <step start='1634211706353' status='canceled' stop='1634211706353'>
                    <name>Then the button does nothing</name>
                    <title>Then the button does nothing</title>
                    <attachments/>
                    <steps/>
                </step>
            </steps>
            <attachments/>
            <failure>
                <message>element ("~Home") still not displayed after 20000ms</message>
                <stack-trace>Error: element ("~Home") still not displayed after 20000ms
                    at processTicksAndRejections (internal/process/task_queues.js:93:5)
                    at TabBar.waitForTabBarShown (/Users/htikkas/Desktop/SF/mobile-cucumber-appium-webdriverio/tests/screenobjects/components/tabBar.js:23:20)
                    at World.&lt;anonymous> (/Users/htikkas/Desktop/SF/mobile-cucumber-appium-webdriverio/tests/steps/app.forms.steps.js:11:12)</stack-trace>
            </failure>
        </test-case>
    </test-cases>
</ns2:test-suite>