<?xml version='1.0'?>
<ns2:test-suite xmlns:ns2='urn:model.allure.qatools.yandex.ru' start='1638163344100' stop='1638163379771'>
    <name>Login validations &amp; Forgot password</name>
    <title>Login validations &amp; Forgot password</title>
    <test-cases>
        <test-case start='1638163344111' status='broken' stop='1638163362280'>
            <name>Displays Inline error message when clicking on Continue button without entering credentials</name>
            <title>Displays Inline error message when clicking on Continue button without entering credentials</title>
            <labels>
                <label name='language' value='javascript'/>
                <label name='framework' value='wdio'/>
                <label name='thread' value='0-0'/>
            </labels>
            <parameters>
                <parameter kind='argument' name='device' value='emulator-5554-11'/>
            </parameters>
            <steps>
                <step start='1638163344113' status='broken' stop='1638163362280'>
                    <name>Given I am on the username screen</name>
                    <title>Given I am on the username screen</title>
                    <attachments>
                        <attachment title='Screenshot' source='76ab5184-8a2d-4ff7-99b2-72015a5c3f2e-attachment.png' type='image/png' size='86964'/>
                    </attachments>
                    <steps/>
                </step>
                <step start='1638163362280' status='canceled' stop='1638163362281'>
                    <name>When I click on 'Continue' button</name>
                    <title>When I click on 'Continue' button</title>
                    <attachments/>
                    <steps/>
                </step>
                <step start='1638163362281' status='canceled' stop='1638163362281'>
                    <name>Then app should displays 'This field is required' inline error message</name>
                    <title>Then app should displays 'This field is required' inline error message</title>
                    <attachments/>
                    <steps/>
                </step>
            </steps>
            <attachments/>
            <failure>
                <message>element ("~welcome-label") still not displayed after 11000ms</message>
                <stack-trace>Error: element ("~welcome-label") still not displayed after 11000ms
                    at processTicksAndRejections (internal/process/task_queues.js:93:5)
                    at SnapLoginScreen.waitForIsShown (/Users/htikkas/Desktop/SF/mobile-cucumber-appium-webdriverio/tests/screenobjects/app.screen.js:15:33)
                    at World.&lt;anonymous> (/Users/htikkas/Desktop/SF/mobile-cucumber-appium-webdriverio/tests/steps/app.snaplogin.steps.js:7:21)</stack-trace>
            </failure>
        </test-case>
        <test-case start='1638163362283' status='broken' stop='1638163379767'>
            <name>if enter valid credentials it should displays app dashboard,</name>
            <title>if enter valid credentials it should displays app dashboard,</title>
            <labels>
                <label name='language' value='javascript'/>
                <label name='framework' value='wdio'/>
                <label name='thread' value='0-0'/>
            </labels>
            <parameters>
                <parameter kind='argument' name='device' value='emulator-5554-11'/>
            </parameters>
            <steps>
                <step start='1638163362284' status='broken' stop='1638163379767'>
                    <name>Given I am on the username screen</name>
                    <title>Given I am on the username screen</title>
                    <attachments>
                        <attachment title='Screenshot' source='3c2e3359-128c-4684-879f-e106b2268e23-attachment.png' type='image/png' size='86964'/>
                    </attachments>
                    <steps/>
                </step>
                <step start='1638163379768' status='canceled' stop='1638163379768'>
                    <name>When I enter 'htikkas' in username field</name>
                    <title>When I enter 'htikkas' in username field</title>
                    <attachments/>
                    <steps/>
                </step>
                <step start='1638163379768' status='canceled' stop='1638163379768'>
                    <name>And I click on 'Continue' button</name>
                    <title>And I click on 'Continue' button</title>
                    <attachments/>
                    <steps/>
                </step>
                <step start='1638163379768' status='canceled' stop='1638163379768'>
                    <name>And I enter 'Snap@123' in password field</name>
                    <title>And I enter 'Snap@123' in password field</title>
                    <attachments/>
                    <steps/>
                </step>
                <step start='1638163379769' status='canceled' stop='1638163379769'>
                    <name>And I click on 'Sign in' button</name>
                    <title>And I click on 'Sign in' button</title>
                    <attachments/>
                    <steps/>
                </step>
                <step start='1638163379769' status='canceled' stop='1638163379769'>
                    <name>Then app should displays 'Hello htikkas' on dashboard</name>
                    <title>Then app should displays 'Hello htikkas' on dashboard</title>
                    <attachments/>
                    <steps/>
                </step>
            </steps>
            <attachments/>
            <failure>
                <message>element ("~welcome-label") still not displayed after 11000ms</message>
                <stack-trace>Error: element ("~welcome-label") still not displayed after 11000ms
                    at processTicksAndRejections (internal/process/task_queues.js:93:5)
                    at SnapLoginScreen.waitForIsShown (/Users/htikkas/Desktop/SF/mobile-cucumber-appium-webdriverio/tests/screenobjects/app.screen.js:15:33)
                    at World.&lt;anonymous> (/Users/htikkas/Desktop/SF/mobile-cucumber-appium-webdriverio/tests/steps/app.snaplogin.steps.js:7:21)</stack-trace>
            </failure>
        </test-case>
    </test-cases>
</ns2:test-suite>